<?xml version="1.0" encoding="UTF-8"?>
<testng-results ignored="0" total="1" passed="1" failed="0" skipped="0">
  <reporter-output>
  </reporter-output>
<<<<<<< HEAD
  <suite started-at="2024-10-10T10:07:36 IST" name="Default suite" finished-at="2024-10-10T10:07:57 IST" duration-ms="20266">
    <groups>
    </groups>
    <test started-at="2024-10-10T10:07:36 IST" name="Default test" finished-at="2024-10-10T10:07:57 IST" duration-ms="20266">
      <class name="testcases_signIn_up_accountsinfo_module.TC01_SignUp">
        <test-method is-config="true" signature="beforeSuite()[pri:0, instance:testcases_signIn_up_accountsinfo_module.TC01_SignUp@13526e59]" started-at="2024-10-10T10:07:35 IST" name="beforeSuite" finished-at="2024-10-10T10:07:36 IST" duration-ms="1404" status="PASS">
          <reporter-output>
          </reporter-output>
        </test-method> <!-- beforeSuite -->
        <test-method is-config="true" signature="beforeTest()[pri:0, instance:testcases_signIn_up_accountsinfo_module.TC01_SignUp@13526e59]" started-at="2024-10-10T10:07:37 IST" name="beforeTest" finished-at="2024-10-10T10:07:37 IST" duration-ms="1" status="PASS">
          <reporter-output>
          </reporter-output>
        </test-method> <!-- beforeTest -->
        <test-method is-config="true" signature="startTestCase()[pri:0, instance:testcases_signIn_up_accountsinfo_module.TC01_SignUp@13526e59]" started-at="2024-10-10T10:07:37 IST" name="startTestCase" finished-at="2024-10-10T10:07:37 IST" duration-ms="0" status="PASS">
          <reporter-output>
          </reporter-output>
        </test-method> <!-- startTestCase -->
        <test-method is-config="true" signature="beforeMethod()[pri:0, instance:testcases_signIn_up_accountsinfo_module.TC01_SignUp@13526e59]" started-at="2024-10-10T10:07:37 IST" name="beforeMethod" finished-at="2024-10-10T10:07:37 IST" duration-ms="12" status="PASS">
          <reporter-output>
          </reporter-output>
        </test-method> <!-- beforeMethod -->
        <test-method signature="signUp()[pri:0, instance:testcases_signIn_up_accountsinfo_module.TC01_SignUp@13526e59]" started-at="2024-10-10T10:07:37 IST" name="signUp" finished-at="2024-10-10T10:07:56 IST" duration-ms="19691" status="PASS">
          <reporter-output>
          </reporter-output>
        </test-method> <!-- signUp -->
        <test-method is-config="true" signature="afterMethod()[pri:0, instance:testcases_signIn_up_accountsinfo_module.TC01_SignUp@13526e59]" started-at="2024-10-10T10:07:56 IST" name="afterMethod" finished-at="2024-10-10T10:07:57 IST" duration-ms="329" status="PASS">
          <reporter-output>
          </reporter-output>
        </test-method> <!-- afterMethod -->
        <test-method is-config="true" signature="afterTest()[pri:0, instance:testcases_signIn_up_accountsinfo_module.TC01_SignUp@13526e59]" started-at="2024-10-10T10:07:57 IST" name="afterTest" finished-at="2024-10-10T10:07:57 IST" duration-ms="152" status="PASS">
          <reporter-output>
          </reporter-output>
        </test-method> <!-- afterTest -->
        <test-method is-config="true" signature="afterSuite()[pri:0, instance:testcases_signIn_up_accountsinfo_module.TC01_SignUp@13526e59]" started-at="2024-10-10T10:07:57 IST" name="afterSuite" finished-at="2024-10-10T10:07:57 IST" duration-ms="577" status="PASS">
          <reporter-output>
          </reporter-output>
        </test-method> <!-- afterSuite -->
      </class> <!-- testcases_signIn_up_accountsinfo_module.TC01_SignUp -->
=======
  <suite started-at="2024-10-05T17:32:26 IST" name="Default suite" finished-at="2024-10-05T17:34:52 IST" duration-ms="146569">
    <groups>
    </groups>
    <test started-at="2024-10-05T17:32:26 IST" name="Default test" finished-at="2024-10-05T17:34:52 IST" duration-ms="146569">
      <class name="testcases_Multidevice.TC_02_Report_Page">
        <test-method is-config="true" signature="beforeSuite()[pri:0, instance:testcases_Multidevice.TC_02_Report_Page@147e2ae7]" started-at="2024-10-05T17:32:25 IST" name="beforeSuite" finished-at="2024-10-05T17:32:26 IST" duration-ms="896" status="PASS">
          <reporter-output>
          </reporter-output>
        </test-method> <!-- beforeSuite -->
        <test-method is-config="true" signature="beforeTest()[pri:0, instance:testcases_Multidevice.TC_02_Report_Page@147e2ae7]" started-at="2024-10-05T17:32:26 IST" name="beforeTest" finished-at="2024-10-05T17:32:26 IST" duration-ms="0" status="PASS">
          <reporter-output>
          </reporter-output>
        </test-method> <!-- beforeTest -->
        <test-method is-config="true" signature="startTestCase()[pri:0, instance:testcases_Multidevice.TC_02_Report_Page@147e2ae7]" started-at="2024-10-05T17:32:26 IST" name="startTestCase" finished-at="2024-10-05T17:32:26 IST" duration-ms="0" status="PASS">
          <reporter-output>
          </reporter-output>
        </test-method> <!-- startTestCase -->
        <test-method is-config="true" signature="beforeMethod()[pri:0, instance:testcases_Multidevice.TC_02_Report_Page@147e2ae7]" started-at="2024-10-05T17:32:26 IST" name="beforeMethod" finished-at="2024-10-05T17:32:26 IST" duration-ms="12" status="PASS">
          <reporter-output>
          </reporter-output>
        </test-method> <!-- beforeMethod -->
        <test-method signature="removerepair()[pri:0, instance:testcases_Multidevice.TC_02_Report_Page@147e2ae7]" started-at="2024-10-05T17:32:26 IST" name="removerepair" finished-at="2024-10-05T17:34:49 IST" duration-ms="143593" status="FAIL">
          <exception class="java.lang.RuntimeException">
            <message>
              <![CDATA[FAILED]]>
            </message>
            <full-stacktrace>
              <![CDATA[java.lang.RuntimeException: FAILED
at utils.Reporter.reportStep(Reporter.java:46)
at wrappers.GenericWrappers.clickbyXpath(GenericWrappers.java:173)
at pages.Reportpage.ClickIssuename(Reportpage.java:86)
at testcases_Multidevice.TC_02_Report_Page.pairBlewithoutRouter(TC_02_Report_Page.java:64)
at testcases_Multidevice.TC_02_Report_Page.removerepair(TC_02_Report_Page.java:38)
at java.base/jdk.internal.reflect.NativeMethodAccessorImpl.invoke0(Native Method)
at java.base/jdk.internal.reflect.NativeMethodAccessorImpl.invoke(NativeMethodAccessorImpl.java:77)
at java.base/jdk.internal.reflect.DelegatingMethodAccessorImpl.invoke(DelegatingMethodAccessorImpl.java:43)
at java.base/java.lang.reflect.Method.invoke(Method.java:568)
at org.testng.internal.invokers.MethodInvocationHelper.invokeMethod(MethodInvocationHelper.java:139)
at org.testng.internal.invokers.TestInvoker.invokeMethod(TestInvoker.java:677)
at org.testng.internal.invokers.TestInvoker.invokeTestMethod(TestInvoker.java:221)
at org.testng.internal.invokers.MethodRunner.runInSequence(MethodRunner.java:50)
at org.testng.internal.invokers.TestInvoker$MethodInvocationAgent.invoke(TestInvoker.java:969)
at org.testng.internal.invokers.TestInvoker.invokeTestMethods(TestInvoker.java:194)
at org.testng.internal.invokers.TestMethodWorker.invokeTestMethods(TestMethodWorker.java:148)
at org.testng.internal.invokers.TestMethodWorker.run(TestMethodWorker.java:128)
at java.base/java.util.ArrayList.forEach(ArrayList.java:1511)
at org.testng.TestRunner.privateRun(TestRunner.java:829)
at org.testng.TestRunner.run(TestRunner.java:602)
at org.testng.SuiteRunner.runTest(SuiteRunner.java:437)
at org.testng.SuiteRunner.runSequentially(SuiteRunner.java:431)
at org.testng.SuiteRunner.privateRun(SuiteRunner.java:391)
at org.testng.SuiteRunner.run(SuiteRunner.java:330)
at org.testng.SuiteRunnerWorker.runSuite(SuiteRunnerWorker.java:52)
at org.testng.SuiteRunnerWorker.run(SuiteRunnerWorker.java:95)
at org.testng.TestNG.runSuitesSequentially(TestNG.java:1256)
at org.testng.TestNG.runSuitesLocally(TestNG.java:1176)
at org.testng.TestNG.runSuites(TestNG.java:1099)
at org.testng.TestNG.run(TestNG.java:1067)
at org.testng.remote.AbstractRemoteTestNG.run(AbstractRemoteTestNG.java:115)
at org.testng.remote.RemoteTestNG.initAndRun(RemoteTestNG.java:293)
at org.testng.remote.RemoteTestNG.main(RemoteTestNG.java:91)
]]>
            </full-stacktrace>
          </exception> <!-- java.lang.RuntimeException -->
          <reporter-output>
          </reporter-output>
        </test-method> <!-- removerepair -->
        <test-method is-config="true" signature="afterMethod()[pri:0, instance:testcases_Multidevice.TC_02_Report_Page@147e2ae7]" started-at="2024-10-05T17:34:49 IST" name="afterMethod" finished-at="2024-10-05T17:34:50 IST" duration-ms="342" status="PASS">
          <reporter-output>
          </reporter-output>
        </test-method> <!-- afterMethod -->
        <test-method is-config="true" signature="afterTest()[pri:0, instance:testcases_Multidevice.TC_02_Report_Page@147e2ae7]" started-at="2024-10-05T17:34:50 IST" name="afterTest" finished-at="2024-10-05T17:34:52 IST" duration-ms="2532" status="PASS">
          <reporter-output>
          </reporter-output>
        </test-method> <!-- afterTest -->
        <test-method is-config="true" signature="afterSuite()[pri:0, instance:testcases_Multidevice.TC_02_Report_Page@147e2ae7]" started-at="2024-10-05T17:34:52 IST" name="afterSuite" finished-at="2024-10-05T17:34:53 IST" duration-ms="552" status="PASS">
          <reporter-output>
          </reporter-output>
        </test-method> <!-- afterSuite -->
      </class> <!-- testcases_Multidevice.TC_02_Report_Page -->
>>>>>>> 14d85b3371fec4c6ca7c39ff9cf5ec06436d7f69
    </test> <!-- Default test -->
  </suite> <!-- Default suite -->
</testng-results>
