<?xml version="1.0" encoding="UTF-8"?>
<!-- Generated by org.testng.reporters.JUnitReportReporter -->
<testsuite hostname="DESKTOP-8HN186T" failures="0" tests="1" name="testcases_pairing.TC04_Pairing_WifiwithRouter" time="337.644" errors="1" timestamp="2024-10-28T10:33:39 IST" skipped="0">
  <testcase classname="testcases_pairing.TC04_Pairing_WifiwithRouter" name="removerepair" time="337.644">
    <error message="An element could not be located on the page using the given search parameters.
For documentation on this error, please visit: https://www.seleniumhq.org/exceptions/no_such_element.html
Build info: version: &#039;3.141.59&#039;, revision: &#039;e82be7d358&#039;, time: &#039;2018-11-14T08:17:03&#039;
System info: host: &#039;DESKTOP-8HN186T&#039;, ip: &#039;192.168.10.189&#039;, os.name: &#039;Windows 10&#039;, os.arch: &#039;amd64&#039;, os.version: &#039;10.0&#039;, java.version: &#039;17.0.10&#039;
Driver info: io.appium.java_client.android.AndroidDriver
Capabilities {automationName: uiautomator2, databaseEnabled: false, desired: {automationName: uiautomator2, deviceName: LAVA LZX404, newCommandTimeout: 999999, platformName: android, platformVersion: 13, udid: BLZPCS22JB056558}, deviceApiLevel: 33, deviceManufacturer: LAVA, deviceModel: LAVA LZX404, deviceName: BLZPCS22JB056558, deviceScreenDensity: 320, deviceScreenSize: 720x1600, deviceUDID: BLZPCS22JB056558, javascriptEnabled: true, locationContextEnabled: false, networkConnectionEnabled: true, newCommandTimeout: 999999, pixelRatio: 2, platform: LINUX, platformName: Android, platformVersion: 13, statBarHeight: 48, takesScreenshot: true, udid: BLZPCS22JB056558, viewportRect: {height: 1552, left: 0, top: 48, width: 720}, warnings: {}, webStorageEnabled: false}
Session ID: dc7e127e-d4d3-4578-b8ef-5e8ca1d722f9
*** Element info: {Using=-android uiautomator, value=new UiScrollable(new UiSelector().scrollable(true)).scrollIntoView(new UiSelector().textContains(&quot;iinv_smartac&quot;))}" type="org.openqa.selenium.NoSuchElementException">
      <![CDATA[org.openqa.selenium.NoSuchElementException: An element could not be located on the page using the given search parameters.
For documentation on this error, please visit: https://www.seleniumhq.org/exceptions/no_such_element.html
Build info: version: '3.141.59', revision: 'e82be7d358', time: '2018-11-14T08:17:03'
System info: host: 'DESKTOP-8HN186T', ip: '192.168.10.189', os.name: 'Windows 10', os.arch: 'amd64', os.version: '10.0', java.version: '17.0.10'
Driver info: io.appium.java_client.android.AndroidDriver
Capabilities {automationName: uiautomator2, databaseEnabled: false, desired: {automationName: uiautomator2, deviceName: LAVA LZX404, newCommandTimeout: 999999, platformName: android, platformVersion: 13, udid: BLZPCS22JB056558}, deviceApiLevel: 33, deviceManufacturer: LAVA, deviceModel: LAVA LZX404, deviceName: BLZPCS22JB056558, deviceScreenDensity: 320, deviceScreenSize: 720x1600, deviceUDID: BLZPCS22JB056558, javascriptEnabled: true, locationContextEnabled: false, networkConnectionEnabled: true, newCommandTimeout: 999999, pixelRatio: 2, platform: LINUX, platformName: Android, platformVersion: 13, statBarHeight: 48, takesScreenshot: true, udid: BLZPCS22JB056558, viewportRect: {height: 1552, left: 0, top: 48, width: 720}, warnings: {}, webStorageEnabled: false}
Session ID: dc7e127e-d4d3-4578-b8ef-5e8ca1d722f9
*** Element info: {Using=-android uiautomator, value=new UiScrollable(new UiSelector().scrollable(true)).scrollIntoView(new UiSelector().textContains("iinv_smartac"))}
at jdk.internal.reflect.GeneratedConstructorAccessor16.newInstance(Unknown Source)
at java.base/jdk.internal.reflect.DelegatingConstructorAccessorImpl.newInstance(DelegatingConstructorAccessorImpl.java:45)
at java.base/java.lang.reflect.Constructor.newInstanceWithCaller(Constructor.java:499)
at java.base/java.lang.reflect.Constructor.newInstance(Constructor.java:480)
at org.openqa.selenium.remote.http.W3CHttpResponseCodec.createException(W3CHttpResponseCodec.java:187)
at org.openqa.selenium.remote.http.W3CHttpResponseCodec.decode(W3CHttpResponseCodec.java:122)
at org.openqa.selenium.remote.http.W3CHttpResponseCodec.decode(W3CHttpResponseCodec.java:49)
at org.openqa.selenium.remote.HttpCommandExecutor.execute(HttpCommandExecutor.java:158)
at io.appium.java_client.remote.AppiumCommandExecutor.execute(AppiumCommandExecutor.java:239)
at org.openqa.selenium.remote.RemoteWebDriver.execute(RemoteWebDriver.java:552)
at io.appium.java_client.DefaultGenericMobileDriver.execute(DefaultGenericMobileDriver.java:41)
at io.appium.java_client.AppiumDriver.execute(AppiumDriver.java:1)
at io.appium.java_client.android.AndroidDriver.execute(AndroidDriver.java:1)
at org.openqa.selenium.remote.RemoteWebDriver.findElement(RemoteWebDriver.java:323)
at io.appium.java_client.DefaultGenericMobileDriver.findElement(DefaultGenericMobileDriver.java:61)
at io.appium.java_client.AppiumDriver.findElement(AppiumDriver.java:1)
at io.appium.java_client.android.AndroidDriver.findElement(AndroidDriver.java:1)
at io.appium.java_client.FindsByAndroidUIAutomator.findElementByAndroidUIAutomator(FindsByAndroidUIAutomator.java:38)
at io.appium.java_client.MobileBy$ByAndroidUIAutomator.findElement(MobileBy.java:210)
at org.openqa.selenium.remote.RemoteWebDriver.findElement(RemoteWebDriver.java:315)
at io.appium.java_client.DefaultGenericMobileDriver.findElement(DefaultGenericMobileDriver.java:57)
at io.appium.java_client.AppiumDriver.findElement(AppiumDriver.java:1)
at io.appium.java_client.android.AndroidDriver.findElement(AndroidDriver.java:1)
at pages.AddDevicePage.proceedToAddDevice(AddDevicePage.java:829)
at pages.AddDevicePage.proceedToAddDevice(AddDevicePage.java:818)
at pages.AddDevicePage.initiatepairing(AddDevicePage.java:610)
at pages.AddDevicePage.pair(AddDevicePage.java:553)
at testcases_pairing.TC04_Pairing_WifiwithRouter.removerepair(TC04_Pairing_WifiwithRouter.java:48)
at java.base/jdk.internal.reflect.NativeMethodAccessorImpl.invoke0(Native Method)
at java.base/jdk.internal.reflect.NativeMethodAccessorImpl.invoke(NativeMethodAccessorImpl.java:77)
at java.base/jdk.internal.reflect.DelegatingMethodAccessorImpl.invoke(DelegatingMethodAccessorImpl.java:43)
at java.base/java.lang.reflect.Method.invoke(Method.java:568)
at org.testng.internal.invokers.MethodInvocationHelper.invokeMethod(MethodInvocationHelper.java:139)
at org.testng.internal.invokers.TestInvoker.invokeMethod(TestInvoker.java:664)
at org.testng.internal.invokers.TestInvoker.invokeTestMethod(TestInvoker.java:228)
at org.testng.internal.invokers.MethodRunner.runInSequence(MethodRunner.java:63)
at org.testng.internal.invokers.TestInvoker$MethodInvocationAgent.invoke(TestInvoker.java:961)
at org.testng.internal.invokers.TestInvoker.invokeTestMethods(TestInvoker.java:201)
at org.testng.internal.invokers.TestMethodWorker.invokeTestMethods(TestMethodWorker.java:148)
at org.testng.internal.invokers.TestMethodWorker.run(TestMethodWorker.java:128)
at java.base/java.util.ArrayList.forEach(ArrayList.java:1511)
at org.testng.TestRunner.privateRun(TestRunner.java:819)
at org.testng.TestRunner.run(TestRunner.java:619)
at org.testng.SuiteRunner.runTest(SuiteRunner.java:443)
at org.testng.SuiteRunner.runSequentially(SuiteRunner.java:437)
at org.testng.SuiteRunner.privateRun(SuiteRunner.java:397)
at org.testng.SuiteRunner.run(SuiteRunner.java:336)
at org.testng.SuiteRunnerWorker.runSuite(SuiteRunnerWorker.java:52)
at org.testng.SuiteRunnerWorker.run(SuiteRunnerWorker.java:95)
at org.testng.TestNG.runSuitesSequentially(TestNG.java:1301)
at org.testng.TestNG.runSuitesLocally(TestNG.java:1228)
at org.testng.TestNG.runSuites(TestNG.java:1134)
at org.testng.TestNG.run(TestNG.java:1101)
at org.testng.remote.AbstractRemoteTestNG.run(AbstractRemoteTestNG.java:115)
at org.testng.remote.RemoteTestNG.initAndRun(RemoteTestNG.java:293)
at org.testng.remote.RemoteTestNG.main(RemoteTestNG.java:91)
]]>
    </error>
  </testcase> <!-- removerepair -->
</testsuite> <!-- testcases_pairing.TC04_Pairing_WifiwithRouter -->
